PianoKeyboard_java_eclipse/proguard/seeds.txt
com.teuskim.pianokeyboard.WhiteKeyView
com.teuskim.pianokeyboard.WhiteKeyView: WhiteKeyView(android.content.Context,android.util.AttributeSet)
com.teuskim.pianokeyboard.KeyView: KeyView(android.content.Context,android.util.AttributeSet)
com.teuskim.pianokeyboard.BlackKeyView
com.teuskim.pianokeyboard.BlackKeyView: BlackKeyView(android.content.Context,android.util.AttributeSet)
com.teuskim.pianokeyboard.KeyView: KeyView(android.content.Context,android.util.AttributeSet)
com.teuskim.pianokeyboard.KeyView
com.teuskim.pianokeyboard.KeyView: KeyView(android.content.Context,android.util.AttributeSet)
com.teuskim.pianokeyboard.PianoKeyboardView
com.teuskim.pianokeyboard.PianoKeyboardView: PianoKeyboardView(android.content.Context,android.util.AttributeSet)
com.teuskim.pianokeyboard.WhiteKeyView
com.teuskim.pianokeyboard.WhiteKeyView: WhiteKeyView(android.content.Context,android.util.AttributeSet,int)
com.teuskim.pianokeyboard.KeyView: KeyView(android.content.Context,android.util.AttributeSet,int)
com.teuskim.pianokeyboard.BlackKeyView
com.teuskim.pianokeyboard.BlackKeyView: BlackKeyView(android.content.Context,android.util.AttributeSet,int)
com.teuskim.pianokeyboard.KeyView: KeyView(android.content.Context,android.util.AttributeSet,int)
com.teuskim.pianokeyboard.KeyView
com.teuskim.pianokeyboard.KeyView: KeyView(android.content.Context,android.util.AttributeSet,int)
com.teuskim.pianokeyboard.BlackKeyView
com.teuskim.pianokeyboard.BlackKeyView: BlackKeyView(android.content.Context,android.util.AttributeSet,int)
com.teuskim.pianokeyboard.BlackKeyView: BlackKeyView(android.content.Context,android.util.AttributeSet)
com.teuskim.pianokeyboard.BlackKeyView: BlackKeyView(android.content.Context)
com.teuskim.pianokeyboard.BlackKeyView: int getLayoutResId()
com.teuskim.pianokeyboard.BlackKeyView: int getNormalImageResId()
com.teuskim.pianokeyboard.BlackKeyView: int getPressedImageResId()
com.teuskim.pianokeyboard.BlackKeyView: int getKeyType()
com.teuskim.pianokeyboard.KeyView: int KEY_TYPE_WHITE
com.teuskim.pianokeyboard.KeyView: int KEY_TYPE_BLACK
com.teuskim.pianokeyboard.KeyView: android.widget.ImageView mImageView
com.teuskim.pianokeyboard.KeyView: android.widget.TextView mTextView
com.teuskim.pianokeyboard.KeyView: KeyView(android.content.Context,android.util.AttributeSet,int)
com.teuskim.pianokeyboard.KeyView: KeyView(android.content.Context,android.util.AttributeSet)
com.teuskim.pianokeyboard.KeyView: KeyView(android.content.Context)
com.teuskim.pianokeyboard.KeyView: int getLayoutResId()
com.teuskim.pianokeyboard.KeyView: int getNormalImageResId()
com.teuskim.pianokeyboard.KeyView: int getPressedImageResId()
com.teuskim.pianokeyboard.KeyView: int getKeyType()
com.teuskim.pianokeyboard.KeyView: void init(android.content.Context)
com.teuskim.pianokeyboard.KeyView: void alignCenter()
com.teuskim.pianokeyboard.KeyView: void paddingLeft(int)
com.teuskim.pianokeyboard.KeyView: void setTextSize(int)
com.teuskim.pianokeyboard.KeyView: void setPressed(boolean)
com.teuskim.pianokeyboard.KeyView: void setText(java.lang.String)
com.teuskim.pianokeyboard.WhiteKeyView
com.teuskim.pianokeyboard.WhiteKeyView: WhiteKeyView(android.content.Context,android.util.AttributeSet,int)
com.teuskim.pianokeyboard.WhiteKeyView: WhiteKeyView(android.content.Context,android.util.AttributeSet)
com.teuskim.pianokeyboard.WhiteKeyView: WhiteKeyView(android.content.Context)
com.teuskim.pianokeyboard.WhiteKeyView: int getLayoutResId()
com.teuskim.pianokeyboard.WhiteKeyView: int getNormalImageResId()
com.teuskim.pianokeyboard.WhiteKeyView: int getPressedImageResId()
com.teuskim.pianokeyboard.WhiteKeyView: int getKeyType()
...
com.google.android.apps.analytics.AnalyticsReceiver