PianoKeyboard_java_eclipse/proguard/mapping.txt
com.teuskim.pianokeyboard.BaseActivity -> com.teuskim.pianokeyboard.BaseActivity:
    com.google.android.apps.analytics.GoogleAnalyticsTracker mTracker -> a
    void onCreate(android.os.Bundle) -> onCreate
    void onDestroy() -> onDestroy
com.teuskim.pianokeyboard.BlackKeyView -> com.teuskim.pianokeyboard.BlackKeyView:
    int getLayoutResId() -> getLayoutResId
    int getNormalImageResId() -> getNormalImageResId
    int getPressedImageResId() -> getPressedImageResId
    int getKeyType() -> getKeyType
com.teuskim.pianokeyboard.HangulHandler -> com.teuskim.pianokeyboard.ab:
    com.teuskim.pianokeyboard.HangulHandler$State mCurrState -> a
    com.teuskim.pianokeyboard.HangulHandler$State0 mState0 -> b
    com.teuskim.pianokeyboard.HangulHandler$State1 mState1 -> c
    com.teuskim.pianokeyboard.HangulHandler$State2 mState2 -> d
    com.teuskim.pianokeyboard.HangulHandler$State3 mState3 -> e
    com.teuskim.pianokeyboard.HangulHandler$State4 mState4 -> f
    int mChosung -> g
    int mJungsung -> h
    int mJongsung -> i
    int mCurrKey -> j
    com.teuskim.pianokeyboard.PianoKeyboardService mService -> k
    java.lang.StringBuilder mComposing -> l
    java.lang.StringBuilder mHangulString -> m
    boolean mUseDupChosung -> n
    java.util.Map mKeyIntMap -> o
    boolean mIsInit -> p
    void init() -> h
    void initHangulData() -> a
    int getComposingLength() -> b
    java.lang.StringBuilder getComposing() -> c
    void handle(int) -> a
    void handleSpace() -> d
    void handleBackspace() -> e
    void commit() -> f
    int getKeyIntFromJaso(java.lang.String) -> a
    int getKeyIntFromKeyCode(int) -> b
    boolean isInit() -> g
    void setComposingText(java.lang.String) -> c
    java.lang.String separateJaso(java.lang.String) -> b
    int jongToCho(int) -> c
    int access$0(com.teuskim.pianokeyboard.HangulHandler) -> a
    void access$1(com.teuskim.pianokeyboard.HangulHandler,int) -> a
com.teuskim.pianokeyboard.HangulHandler$State -> com.teuskim.pianokeyboard.ag:
    int[] sJasoArr -> a
    int[] sJungsungArr -> b
    int[] sJongsungArr -> c
    java.util.Map sDupJasoMap -> j
    java.util.Map sChangeChosungMap -> d
    java.util.Map sDupChosungMap -> e
    java.util.Map sDupJungsungMap -> f
    java.util.Map sDupJongsungMap -> g
    java.util.Map sPostDupChosungMap -> h
    java.util.Map sDupJongToDupChoMap -> i
    void jaum() -> a
    void moum() -> b
    boolean back() -> c
com.teuskim.pianokeyboard.HangulHandler$State0 -> com.teuskim.pianokeyboard.q:
    com.teuskim.pianokeyboard.HangulHandler this$0 -> j
    void jaum() -> a
    void moum() -> b
    boolean back() -> c
com.teuskim.pianokeyboard.HangulHandler$State1 -> com.teuskim.pianokeyboard.s:
    com.teuskim.pianokeyboard.HangulHandler this$0 -> j
    void jaum() -> a
    void moum() -> b
    boolean back() -> c
com.teuskim.pianokeyboard.HangulHandler$State2 -> com.teuskim.pianokeyboard.ao:
    com.teuskim.pianokeyboard.HangulHandler this$0 -> j
    void jaum() -> a
    void moum() -> b
    boolean back() -> c
com.teuskim.pianokeyboard.HangulHandler$State3 -> com.teuskim.pianokeyboard.an:
    com.teuskim.pianokeyboard.HangulHandler this$0 -> j
    void jaum() -> a
    void moum() -> b
    boolean back() -> c
com.teuskim.pianokeyboard.HangulHandler$State4 -> com.teuskim.pianokeyboard.ap:
    boolean mWillSplitJongsung -> j
    com.teuskim.pianokeyboard.HangulHandler this$0 -> k
    void jaum() -> a
    void moum() -> b
    boolean back() -> c
    int dupJongToKey(int) -> a
...
com.google.android.apps.analytics.NetworkDispatcher$DispatcherThread$RequesterCallbacks -> com.google.android.apps.analytics.s:
    com.google.android.apps.analytics.NetworkDispatcher$DispatcherThread this$0 -> a
    void pipelineModeChanged(boolean) -> a
    void requestSent() -> a
    void serverError(int) -> a
com.google.android.apps.analytics.PersistentHitStore -> com.google.android.apps.analytics.q:
    com.google.android.apps.analytics.PersistentHitStore$DataBaseHelper databaseHelper -> a
    int storeId -> b
    long timestampFirst -> c
    long timestampPrevious -> d
    long timestampCurrent -> e
    int visits -> f
    int numStoredHits -> g
    boolean sessionStarted -> h
    boolean useStoredVisitorVars -> i
    boolean anonymizeIp -> j
    int sampleRate -> k
    java.util.Random random -> l
    com.google.android.apps.analytics.CustomVariableBuffer visitorCVCache -> m
    java.lang.String CREATE_EVENTS_TABLE -> n
    java.lang.String CREATE_SESSION_TABLE -> o
    java.lang.String CREATE_CUSTOM_VARIABLES_TABLE -> p
    java.lang.String CREATE_CUSTOM_VAR_CACHE_TABLE -> q
    java.lang.String CREATE_TRANSACTION_EVENTS_TABLE -> r
    java.lang.String CREATE_ITEM_EVENTS_TABLE -> s
    java.lang.String CREATE_HITS_TABLE -> t
    void deleteHit(long) -> a
    com.google.android.apps.analytics.Hit[] peekHits() -> a
    com.google.android.apps.analytics.Hit[] peekHits(int) -> b
    com.google.android.apps.analytics.Event[] peekEvents(int,android.database.sqlite.SQLiteDatabase,int) -> a
    com.google.android.apps.analytics.Transaction getTransaction(long,android.database.sqlite.SQLiteDatabase) -> a
    com.google.android.apps.analytics.Item getItem(long,android.database.sqlite.SQLiteDatabase) -> b
com.google.android.apps.analytics.PersistentHitStore$DataBaseHelper -> com.google.android.apps.analytics.aa:
    int databaseVersion -> a
    com.google.android.apps.analytics.PersistentHitStore store -> b
    void onCreate(android.database.sqlite.SQLiteDatabase) -> onCreate
    void onOpen(android.database.sqlite.SQLiteDatabase) -> onOpen
    void createCustomVariableTables(android.database.sqlite.SQLiteDatabase) -> a
    void createECommerceTables(android.database.sqlite.SQLiteDatabase) -> b
    void createHitTable(android.database.sqlite.SQLiteDatabase) -> c
    void migrateEventsToHits(android.database.sqlite.SQLiteDatabase,int) -> a
    void createReferrerTable(android.database.sqlite.SQLiteDatabase) -> d
    void onUpgrade(android.database.sqlite.SQLiteDatabase,int,int) -> onUpgrade
com.google.android.apps.analytics.PipelinedRequester -> com.google.android.apps.analytics.w:
    org.apache.http.impl.DefaultHttpClientConnection connection -> b
    com.google.android.apps.analytics.PipelinedRequester$Callbacks callbacks -> a
    int lastStatusCode -> c
    boolean canPipeline -> d
    org.apache.http.HttpHost host -> e
    org.apache.http.conn.scheme.SocketFactory socketFactory -> f
    void addRequest(org.apache.http.HttpEntityEnclosingRequest) -> a
    void sendRequests() -> a
    void finishedCurrentRequests() -> b
    void closeConnection() -> c
com.google.android.apps.analytics.PipelinedRequester$Callbacks -> com.google.android.apps.analytics.u:
    void pipelineModeChanged(boolean) -> a
    void serverError(int) -> a
    void requestSent() -> a
com.google.android.apps.analytics.Referrer -> com.google.android.apps.analytics.j:
    java.lang.String referrer -> a
    long timeStamp -> b
    int visit -> c
    int index -> d
    java.lang.String getReferrerString() -> a
    long getTimeStamp() -> b
    int getVisit() -> c
    int getIndex() -> d