PianoKeyboard_java_eclipse/proguard/usage.txt
com.teuskim.pianokeyboard.HangulHandler:
    private static final int JASO_START_INDEX
    public static final int HANGUL_START_INDEX
    private static final int JAUM_SIZE
    private static final int JAUM_FULL_SIZE
    103:103:public java.lang.String getHangulString()
    107:109:public void onFinishInputView()
    112:113:public void setUseDupChosung(boolean)
com.teuskim.pianokeyboard.Log:
    private static final boolean IS_LOGGING
    17:17:public static void d(java.lang.String,java.lang.String,java.lang.Throwable)
    20:21:public static void e(java.lang.String,java.lang.String)
    24:25:public static void e(java.lang.String,java.lang.String,java.lang.Throwable)
    31:31:public static void i(java.lang.String,java.lang.String)
    37:37:public static void i(java.lang.String,java.lang.String,java.lang.Throwable)
    43:43:public static void v(java.lang.String,java.lang.String)
    49:49:public static void v(java.lang.String,java.lang.String,java.lang.Throwable)
    55:55:public static void w(java.lang.String,java.lang.String)
    61:61:public static void w(java.lang.String,java.lang.String,java.lang.Throwable)
com.teuskim.pianokeyboard.MainActivity:
    private static final int CURR_STATE_UNCHECKED
    private static final int CURR_STATE_UNSELECTED
    private static final int CURR_STATE_USE
com.teuskim.pianokeyboard.PianoKeyboard:
    private static final java.lang.String TAG_KEYBOARD
    private static final java.lang.String TAG_KEY
    public static final int WHITE_NUM
    public static final int BLACK_NUM
    117:117:public boolean isCustom()
com.teuskim.pianokeyboard.PianoKeyboard$Key:
    144:145:public void setKeyCode(int)
    152:153:public void setKeyLabel(java.lang.String)
    156:156:public int getKeyIcon()
    160:161:public void setKeyIcon(int)
com.teuskim.pianokeyboard.PianoKeyboardDb:
    private static final java.lang.String DATABASE_NAME
    private static final int DATABASE_VERSION
    private static final int KEYBOARD_TYPE_ENGLISH
    private static final int KEYBOARD_TYPE_HANGUL
    private static final int KEYBOARD_TYPE_SYMBOLS
    public static final int WEIGHT_SUM
    public static final int WEIGHT_INIT_NEXT
    public static final int WEIGHT_INIT_TOTAL
    public static final int WEIGHT_INIT_N
    public static final int WEIGHT_INIT_XXX
    public static final int AVAILABLE_PERIOD_INIT
    67:68:public void close()
    87:99:public boolean useHistory()
    108:111:public boolean updateUseHistory(boolean)
    430:446:public boolean insertORupdateHistory(java.lang.String,java.lang.String)
    450:464:private int getHistoryUseCnt(int)
    473:487:public int getHistoryId(java.lang.String)
    497:503:public android.database.Cursor getHistoryList(java.lang.String)
    511:519:public int getHistoryCount()
    527:527:public boolean deleteHistory()
    975:1005:public java.util.List getWordList()
    1013:1031:public java.util.List getNextWordGroupList()
com.teuskim.pianokeyboard.PianoKeyboardDb$CustomKeyset:
    public static final java.lang.String TABLE_NAME
    public static final java.lang.String _ID
    public static final java.lang.String NAME
    public static final java.lang.String SHOW_YN
    public static final java.lang.String CREATE
com.teuskim.pianokeyboard.PianoKeyboardDb$CustomKeysetData:
    public static final java.lang.String TABLE_NAME
    public static final java.lang.String _ID
    public static final java.lang.String CUSTOM_KEYSET_ID
    public static final java.lang.String POSITION
    public static final java.lang.String DATA
    public static final java.lang.String CREATE
com.teuskim.pianokeyboard.PianoKeyboardDb$DbOpenHelper:
    1040:1041:public PianoKeyboardDb$DbOpenHelper(android.content.Context)
com.teuskim.pianokeyboard.PianoKeyboardDb$History
...
com.google.android.apps.analytics.AdMobInfo:
    public java.lang.String getJoinId()
    public void setAdHitId(int)
    public int getAdHitId()
com.google.android.apps.analytics.AnalyticsReceiver:
    static final java.lang.String INSTALL_ACTION
    static final java.lang.String REFERRER_KEY
com.google.android.apps.analytics.CustomVariable:
    public static final int MAX_CUSTOM_VARIABLES
    public static final java.lang.String INDEX_ERROR_MSG
    public static final int VISITOR_SCOPE
    public static final int SESSION_SCOPE
    public static final int PAGE_SCOPE
    public static final int MAX_CUSTOM_VARIABLE_LENGTH
    public CustomVariable(int,java.lang.String,java.lang.String)
com.google.android.apps.analytics.Dispatcher:
    public abstract boolean isDryRun()
com.google.android.apps.analytics.Event:
    static final java.lang.String PAGEVIEW_EVENT_CATEGORY
    static final java.lang.String INSTALL_EVENT_CATEGORY
    static final java.lang.String TRANSACTION_CATEGORY
    static final java.lang.String ITEM_CATEGORY
com.google.android.apps.analytics.GoogleAnalyticsTracker:
    public static final java.lang.String PRODUCT
    public static final java.lang.String VERSION
    public static final java.lang.String WIRE_VERSION
    public static final java.lang.String LOG_TAG
    public void start(java.lang.String,int,android.content.Context)
    public void start(java.lang.String,android.content.Context)
    public void startNewSession(java.lang.String,android.content.Context)
    com.google.android.apps.analytics.Dispatcher getDispatcher()
    public void setProductVersion(java.lang.String,java.lang.String)
    public void trackEvent(java.lang.String,java.lang.String,java.lang.String,int)
    void setAdHitIdGenerator(com.google.android.apps.analytics.AdHitIdGenerator)
    void returnToInitialState()
    java.lang.String getVisitorIdForAds()
    java.lang.String getSessionIdForAds()
    com.google.android.apps.analytics.HitStore getHitStore()
    public boolean setCustomVar(int,java.lang.String,java.lang.String,int)
    public boolean setCustomVar(int,java.lang.String,java.lang.String)
    public java.lang.String getVisitorCustomVar(int)
    public void addTransaction(com.google.android.apps.analytics.Transaction)
    public void addItem(com.google.android.apps.analytics.Item)
    public void trackTransactions()
    public void clearTransactions()
    public void setAnonymizeIp(boolean)
    public boolean getAnonymizeIp()
    public void setUseServerTime(boolean)
com.google.android.apps.analytics.HitBuilder:
    private static final java.lang.String GOOGLE_ANALYTICS_GIF_PATH
    static final java.lang.String FAKE_DOMAIN_HASH
    private static final int X10_PROJECT_NAMES
    private static final int X10_PROJECT_VALUES
    private static final int X10_PROJECT_SCOPES
com.google.android.apps.analytics.HitStore:
    public abstract com.google.android.apps.analytics.Hit[] peekHits(int)
    public abstract int getStoreId()
    public abstract java.lang.String getVisitorId()
    public abstract java.lang.String getSessionId()
    public abstract com.google.android.apps.analytics.Referrer getReferrer()
    public abstract void clearReferrer()
    public abstract void loadExistingSession()
    public abstract java.lang.String getVisitorCustomVar(int)